0 info it worked if it ends with ok
1 verbose cli [ 'C:\\Program Files\\iojs\\node.exe',
1 verbose cli   'C:\\Program Files\\iojs\\node_modules\\npm\\bin\\npm-cli.js',
1 verbose cli   'install',
1 verbose cli   'grunt-chrome-compile' ]
2 info using npm@2.11.0
3 info using node@v2.2.1
4 verbose install initial load of C:\Users\bryn\src\Narcikarma\package.json
5 warn package.json Narcikarma@0.5.0 No repository field.
6 warn package.json Narcikarma@0.5.0 No license field.
7 verbose installManyTop reading scoped package data from C:\Users\bryn\src\Narcikarma\node_modules\grunt\package.json
8 verbose installManyTop reading scoped package data from C:\Users\bryn\src\Narcikarma\node_modules\grunt-chrome-compile\package.json
9 verbose installManyTop reading scoped package data from C:\Users\bryn\src\Narcikarma\node_modules\grunt-contrib-clean\package.json
10 verbose installManyTop reading scoped package data from C:\Users\bryn\src\Narcikarma\node_modules\grunt-contrib-compress\package.json
11 verbose installManyTop reading scoped package data from C:\Users\bryn\src\Narcikarma\node_modules\grunt-contrib-concat\package.json
12 verbose installManyTop reading scoped package data from C:\Users\bryn\src\Narcikarma\node_modules\grunt-contrib-copy\package.json
13 verbose installManyTop reading scoped package data from C:\Users\bryn\src\Narcikarma\node_modules\grunt-contrib-nodeunit\package.json
14 verbose installManyTop reading scoped package data from C:\Users\bryn\src\Narcikarma\node_modules\grunt-contrib-uglify\package.json
15 info package.json grunt-chrome-compile@0.2.2 No license field.
16 info package.json grunt-contrib-nodeunit@0.4.1 No license field.
17 info package.json grunt-contrib-copy@0.4.1 No license field.
18 info package.json grunt@0.4.5 No license field.
19 info package.json grunt-contrib-clean@0.4.1 No license field.
20 info package.json grunt-contrib-compress@0.5.3 No license field.
21 info package.json grunt-contrib-concat@0.3.0 No license field.
22 verbose readDependencies loading dependencies from C:\Users\bryn\src\Narcikarma\package.json
23 verbose install grunt-chrome-compile is installed as 0.2.2
24 silly cache add args [ 'grunt-chrome-compile', null ]
25 verbose cache add spec grunt-chrome-compile
26 silly cache add parsed spec { raw: 'grunt-chrome-compile',
26 silly cache add   scope: null,
26 silly cache add   name: 'grunt-chrome-compile',
26 silly cache add   rawSpec: '',
26 silly cache add   spec: '*',
26 silly cache add   type: 'range' }
27 silly addNamed grunt-chrome-compile@*
28 verbose addNamed "*" is a valid semver range for grunt-chrome-compile
29 silly addNameRange { name: 'grunt-chrome-compile', range: '*', hasData: false }
30 silly mapToRegistry name grunt-chrome-compile
31 silly mapToRegistry using default registry
32 silly mapToRegistry registry https://registry.npmjs.org/
33 silly mapToRegistry uri https://registry.npmjs.org/grunt-chrome-compile
34 verbose addNameRange registry:https://registry.npmjs.org/grunt-chrome-compile not in flight; fetching
35 verbose request uri https://registry.npmjs.org/grunt-chrome-compile
36 verbose request no auth needed
37 info attempt registry request try #1 at 21:24:46
38 verbose request id d399f5c7645ca762
39 verbose etag "ACZGZ4AGIIGF4R96WUATO37QD"
40 http request GET https://registry.npmjs.org/grunt-chrome-compile
41 http 304 https://registry.npmjs.org/grunt-chrome-compile
42 silly get cb [ 304,
42 silly get   { date: 'Thu, 27 Aug 2015 04:24:45 GMT',
42 silly get     via: '1.1 varnish',
42 silly get     'cache-control': 'max-age=60',
42 silly get     etag: '"ACZGZ4AGIIGF4R96WUATO37QD"',
42 silly get     age: '0',
42 silly get     connection: 'keep-alive',
42 silly get     'x-served-by': 'cache-lax1426-LAX',
42 silly get     'x-cache': 'MISS',
42 silly get     'x-cache-hits': '0',
42 silly get     'x-timer': 'S1440649485.045585,VS0,VE94',
42 silly get     vary: 'Accept' } ]
43 verbose etag https://registry.npmjs.org/grunt-chrome-compile from cache
44 verbose get saving grunt-chrome-compile to C:\Users\bryn\AppData\Roaming\npm-cache\registry.npmjs.org\grunt-chrome-compile\.cache.json
45 silly addNameRange number 2 { name: 'grunt-chrome-compile', range: '*', hasData: true }
46 silly addNameRange versions [ 'grunt-chrome-compile', [ '0.2.0', '0.2.1', '0.2.2' ] ]
47 silly addNamed grunt-chrome-compile@0.2.2
48 verbose addNamed "0.2.2" is a plain semver version for grunt-chrome-compile
49 silly cache afterAdd grunt-chrome-compile@0.2.2
50 verbose afterAdd C:\Users\bryn\AppData\Roaming\npm-cache\grunt-chrome-compile\0.2.2\package\package.json not in flight; writing
51 verbose afterAdd C:\Users\bryn\AppData\Roaming\npm-cache\grunt-chrome-compile\0.2.2\package\package.json written
52 silly install resolved [ { name: 'grunt-chrome-compile',
52 silly install resolved     description: 'Package a google chrome extension.',
52 silly install resolved     version: '0.2.2',
52 silly install resolved     homepage: 'https://github.com/scarrillo/grunt-chrome-compile',
52 silly install resolved     author:
52 silly install resolved      { name: 'scarrillo',
52 silly install resolved        email: 'shawn.carrillo+git@gmail.com',
52 silly install resolved        url: 'http://scarrillo.github.io/' },
52 silly install resolved     repository:
52 silly install resolved      { type: 'git',
52 silly install resolved        url: 'git+ssh://git@github.com/scarrillo/grunt-chrome-compile.git' },
52 silly install resolved     bugs: { url: 'https://github.com/scarrillo/grunt-chrome-compile/issues' },
52 silly install resolved     licenses: [ [Object] ],
52 silly install resolved     main: 'Gruntfile.js',
52 silly install resolved     engines: { node: '>= 0.8.0' },
52 silly install resolved     scripts: { test: 'grunt test' },
52 silly install resolved     devDependencies:
52 silly install resolved      { grunt: '~0.4.1',
52 silly install resolved        'grunt-contrib-nodeunit': '~0.1.2',
52 silly install resolved        'grunt-contrib-jshint': '~0.6.4',
52 silly install resolved        'grunt-contrib-copy': '~0.4.1',
52 silly install resolved        'grunt-contrib-compress': '~0.5.0',
52 silly install resolved        'grunt-contrib-clean': '~0.4.0',
52 silly install resolved        'grunt-contrib-concat': '~0.3.0' },
52 silly install resolved     peerDependencies:
52 silly install resolved      { grunt: '~0.4.1',
52 silly install resolved        'grunt-contrib-nodeunit': '~0.1.2',
52 silly install resolved        'grunt-contrib-copy': '~0.4.1',
52 silly install resolved        'grunt-contrib-compress': '~0.5.0',
52 silly install resolved        'grunt-contrib-clean': '~0.4.0',
52 silly install resolved        'grunt-contrib-concat': '~0.3.0' },
52 silly install resolved     keywords: [ 'gruntplugin' ],
52 silly install resolved     readme: '# grunt-chrome-compile\n> Package a google chrome extension.\n\n## Getting Started\nThis plugin requires Grunt `~0.4.1`\n\nIf you haven\'t used [Grunt](http://gruntjs.com/) before, be sure to check out the [Getting Started](http://gruntjs.com/getting-started) guide, as it explains how to create a [Gruntfile](http://gruntjs.com/sample-gruntfile) as well as install and use Grunt plugins. Once you\'re familiar with that process, you may install this plugin with this command:\n\n```shell\nnpm install grunt-chrome-compile --save-dev\n```\n\nOne the plugin has been installed, it may be enabled inside your Gruntfile with this line of JavaScript:\n\n```js\ngrunt.loadNpmTasks(\'grunt-chrome-compile\');\n```\n\n## The "chrome_compile" task\n\n### Overview\nIn your project\'s Gruntfile, add a section named `chrome-extension` to the data object passed into `grunt.initConfig()`.\n\n```js\ngrunt.initConfig({\n  \'chrome-extension\': {\n    options: {\n\t\tname: "demo-ext",\n\t\tversion: "0.0.1",\n\t\tid: "00000000000000000000000000000000",\n\t\tupdateUrl: "http://example.com/extension/111111/",\n\t\tchrome: "/Applications/Google Chrome.app/Contents/MacOS/Google Chrome",\n\t\tclean: true,\n\t\tcertDir: \'cert\',\n\t\tbuildDir: \'build\',\n\t\tresources: [\n\t\t\t"js/**",\n\t\t\t"images/**",\n\t\t\t"*.html"\n\t\t]\n    }\n  },\n})\n```\n### Options\n\n#### options.name\nType: `String`\nDefault value: `demo-ext`\n\nThe name of your google chrome extension\n\n#### options.version\nType: `String`\nDefault value: `0.0.1`\n\nYour extension\'s version number.\n\n#### options.id\nType: `String`\nDefault value: `00000000000000000000000000000000`\n\nThe ID assigned by the Chrome Web Store\n\n#### options.updateUrl\nType: `String`\nDefault value: ``\n\nOptional url where your extension can be updated from outside of the Chrome Web Store\n\n#### options.buildDir\nType: `String`\nDefault value: `build`\n\nRelative location to your build directory. .zip, .crx, and updates.xml will be created here.\n\n#### options.certDir\nType: `String`\nDefault value: `cert`\n\nRelative location to your extension\'s certificate.\n\n#### options.resources\nType: `array`\n\nProject resources that should be packaged into the final .zip and .crx.\n\n__Caution__: Make sure your cert files are not included here\n\n#### options.chrome\nType: `String`\nDefault value: OSX Path\n\nThe path to your Google Chrome installation.\n* OSX: /Applications/Google Chrome.app/Contents/MacOS/Google Chrome\n* OSX Canary: /Applications/Google Chrome Canary.app/Contents/MacOS/Google Chrome Canary\n* Windows: C:\\Users\\user\\AppData\\Local\\Google\\Chrome\\Application\\chrome.exe \n\n## Contributing\nIn lieu of a formal styleguide, take care to maintain the existing coding style. Add unit tests for any new or changed functionality. Lint and test your code using [Grunt](http://gruntjs.com/).\n\n## Release History\n0.2.1 Initial release!\n',
52 silly install resolved     readmeFilename: 'README.md',
52 silly install resolved     _id: 'grunt-chrome-compile@0.2.2',
52 silly install resolved     dist:
52 silly install resolved      { shasum: '68e1aafb0c64f7411c2fd02af5371c4c966fba3b',
52 silly install resolved        tarball: 'http://registry.npmjs.org/grunt-chrome-compile/-/grunt-chrome-compile-0.2.2.tgz' },
52 silly install resolved     _from: 'grunt-chrome-compile@*',
52 silly install resolved     _npmVersion: '1.2.18',
52 silly install resolved     _npmUser: { name: 'scarrillo', email: 'shawn.carrillo+npm@gmail.com' },
52 silly install resolved     maintainers: [ [Object] ],
52 silly install resolved     directories: {},
52 silly install resolved     _shasum: '68e1aafb0c64f7411c2fd02af5371c4c966fba3b',
52 silly install resolved     _resolved: 'https://registry.npmjs.org/grunt-chrome-compile/-/grunt-chrome-compile-0.2.2.tgz' } ]
53 info install grunt-chrome-compile@0.2.2 into C:\Users\bryn\src\Narcikarma
54 info installOne grunt-chrome-compile@0.2.2
55 verbose installOne of grunt-chrome-compile to C:\Users\bryn\src\Narcikarma not in flight; installing
56 verbose lock using C:\Users\bryn\AppData\Roaming\npm-cache\_locks\grunt-chrome-compile-c33799805dfde641.lock for C:\Users\bryn\src\Narcikarma\node_modules\grunt-chrome-compile
57 silly install write writing grunt-chrome-compile 0.2.2 to C:\Users\bryn\src\Narcikarma\node_modules\grunt-chrome-compile
58 verbose unbuild node_modules\grunt-chrome-compile
59 info preuninstall grunt-chrome-compile@0.2.2
60 info uninstall grunt-chrome-compile@0.2.2
61 verbose unbuild rmStuff grunt-chrome-compile@0.2.2 from C:\Users\bryn\src\Narcikarma\node_modules
62 info postuninstall grunt-chrome-compile@0.2.2
63 silly gentlyRm C:\Users\bryn\src\Narcikarma\node_modules\grunt-chrome-compile is being purged from base C:\Users\bryn\src\Narcikarma
64 verbose gentlyRm don't care about contents; nuking C:\Users\bryn\src\Narcikarma\node_modules\grunt-chrome-compile
65 silly vacuum-fs purging C:\Users\bryn\src\Narcikarma\node_modules\grunt-chrome-compile
66 silly vacuum-fs quitting because other entries in C:\Users\bryn\src\Narcikarma\node_modules
67 verbose tar unpack C:\Users\bryn\AppData\Roaming\npm-cache\grunt-chrome-compile\0.2.2\package.tgz
68 verbose tar unpacking to C:\Users\bryn\src\Narcikarma\node_modules\grunt-chrome-compile
69 silly gentlyRm C:\Users\bryn\src\Narcikarma\node_modules\grunt-chrome-compile is being purged
70 verbose gentlyRm don't care about contents; nuking C:\Users\bryn\src\Narcikarma\node_modules\grunt-chrome-compile
71 silly gunzTarPerm modes [ '777', '666' ]
72 silly gunzTarPerm extractEntry package.json
73 silly gunzTarPerm modified mode [ 'package.json', 420, 438 ]
74 silly gunzTarPerm extractEntry .npmignore
75 silly gunzTarPerm modified mode [ '.npmignore', 420, 438 ]
76 silly gunzTarPerm extractEntry README.md
77 silly gunzTarPerm modified mode [ 'README.md', 420, 438 ]
78 silly gunzTarPerm extractEntry Gruntfile.js
79 silly gunzTarPerm modified mode [ 'Gruntfile.js', 420, 438 ]
80 silly gunzTarPerm extractEntry .jshintrc
81 silly gunzTarPerm modified mode [ '.jshintrc', 420, 438 ]
82 silly gunzTarPerm extractEntry LICENSE-MIT
83 silly gunzTarPerm modified mode [ 'LICENSE-MIT', 420, 438 ]
84 silly gunzTarPerm extractEntry manifest.json
85 silly gunzTarPerm modified mode [ 'manifest.json', 420, 438 ]
86 silly gunzTarPerm extractEntry tasks/chrome-extension.js
87 silly gunzTarPerm modified mode [ 'tasks/chrome-extension.js', 420, 438 ]
88 silly gunzTarPerm extractEntry test/chrome_compile_test.js
89 silly gunzTarPerm modified mode [ 'test/chrome_compile_test.js', 420, 438 ]
90 silly gunzTarPerm extractEntry test/expected/custom_options
91 silly gunzTarPerm modified mode [ 'test/expected/custom_options', 420, 438 ]
92 silly gunzTarPerm extractEntry test/expected/default_options
93 silly gunzTarPerm modified mode [ 'test/expected/default_options', 420, 438 ]
94 silly gunzTarPerm extractEntry test/fixtures/123
95 silly gunzTarPerm modified mode [ 'test/fixtures/123', 420, 438 ]
96 silly gunzTarPerm extractEntry test/fixtures/testing
97 silly gunzTarPerm modified mode [ 'test/fixtures/testing', 420, 438 ]
98 silly gunzTarPerm extractEntry updates.xml
99 silly gunzTarPerm modified mode [ 'updates.xml', 420, 438 ]
100 verbose write writing to C:\Users\bryn\src\Narcikarma\node_modules\grunt-chrome-compile\package.json
101 info preinstall grunt-chrome-compile@0.2.2
102 verbose readDependencies loading dependencies from C:\Users\bryn\src\Narcikarma\node_modules\grunt-chrome-compile\package.json
103 silly prepareForInstallMany adding grunt-contrib-nodeunit@~0.1.2 from grunt-chrome-compile peerDependencies
104 warn peerDependencies The peer dependency grunt-contrib-nodeunit@~0.1.2 included from grunt-chrome-compile will no
105 warn peerDependencies longer be automatically installed to fulfill the peerDependency
106 warn peerDependencies in npm 3+. Your application will need to depend on it explicitly.
107 verbose readDependencies loading dependencies from C:\Users\bryn\src\Narcikarma\node_modules\grunt-chrome-compile\package.json
108 silly install resolved []
109 verbose about to build C:\Users\bryn\src\Narcikarma\node_modules\grunt-chrome-compile
110 info build C:\Users\bryn\src\Narcikarma\node_modules\grunt-chrome-compile
111 info linkStuff grunt-chrome-compile@0.2.2
112 silly linkStuff grunt-chrome-compile@0.2.2 has C:\Users\bryn\src\Narcikarma\node_modules as its parent node_modules
113 verbose linkBins grunt-chrome-compile@0.2.2
114 verbose linkMans grunt-chrome-compile@0.2.2
115 verbose rebuildBundles grunt-chrome-compile@0.2.2
116 info install grunt-chrome-compile@0.2.2
117 info postinstall grunt-chrome-compile@0.2.2
118 verbose readDependencies loading dependencies from C:\Users\bryn\src\Narcikarma\package.json
119 verbose targetResolver reading package data from C:\Users\bryn\src\Narcikarma\node_modules\grunt\package.json
120 verbose targetResolver reading package data from C:\Users\bryn\src\Narcikarma\node_modules\grunt-chrome-compile\package.json
121 verbose targetResolver reading package data from C:\Users\bryn\src\Narcikarma\node_modules\grunt-contrib-clean\package.json
122 verbose targetResolver reading package data from C:\Users\bryn\src\Narcikarma\node_modules\grunt-contrib-compress\package.json
123 verbose targetResolver reading package data from C:\Users\bryn\src\Narcikarma\node_modules\grunt-contrib-concat\package.json
124 verbose targetResolver reading package data from C:\Users\bryn\src\Narcikarma\node_modules\grunt-contrib-copy\package.json
125 verbose targetResolver reading package data from C:\Users\bryn\src\Narcikarma\node_modules\grunt-contrib-nodeunit\package.json
126 verbose targetResolver reading package data from C:\Users\bryn\src\Narcikarma\node_modules\grunt-contrib-uglify\package.json
127 verbose already installed skipping grunt-contrib-nodeunit@~0.1.2 C:\Users\bryn\src\Narcikarma
128 silly install resolved []
129 verbose unlock done using C:\Users\bryn\AppData\Roaming\npm-cache\_locks\grunt-chrome-compile-c33799805dfde641.lock for C:\Users\bryn\src\Narcikarma\node_modules\grunt-chrome-compile
130 verbose validateInstall loading C:\Users\bryn\src\Narcikarma\package.json for validation
131 verbose stack Error: The package grunt-contrib-nodeunit does not satisfy its siblings' peerDependencies requirements!
131 verbose stack     at C:\Program Files\iojs\node_modules\npm\lib\install.js:125:32
131 verbose stack     at C:\Program Files\iojs\node_modules\npm\lib\install.js:267:7
131 verbose stack     at C:\Program Files\iojs\node_modules\npm\node_modules\read-installed\read-installed.js:138:5
131 verbose stack     at C:\Program Files\iojs\node_modules\npm\node_modules\read-installed\read-installed.js:251:14
131 verbose stack     at cb (C:\Program Files\iojs\node_modules\npm\node_modules\slide\lib\async-map.js:47:24)
131 verbose stack     at C:\Program Files\iojs\node_modules\npm\node_modules\read-installed\read-installed.js:251:14
131 verbose stack     at cb (C:\Program Files\iojs\node_modules\npm\node_modules\slide\lib\async-map.js:47:24)
131 verbose stack     at C:\Program Files\iojs\node_modules\npm\node_modules\read-installed\read-installed.js:251:14
131 verbose stack     at cb (C:\Program Files\iojs\node_modules\npm\node_modules\slide\lib\async-map.js:47:24)
131 verbose stack     at C:\Program Files\iojs\node_modules\npm\node_modules\read-installed\read-installed.js:251:14
132 verbose cwd C:\Users\bryn\src\Narcikarma
133 error Windows_NT 6.3.9600
134 error argv "C:\\Program Files\\iojs\\node.exe" "C:\\Program Files\\iojs\\node_modules\\npm\\bin\\npm-cli.js" "install" "grunt-chrome-compile"
135 error node v2.2.1
136 error npm  v2.11.0
137 error code EPEERINVALID
138 error peerinvalid The package grunt-contrib-nodeunit does not satisfy its siblings' peerDependencies requirements!
138 error peerinvalid Peer grunt-chrome-compile@0.2.2 wants grunt-contrib-nodeunit@~0.1.2
139 verbose exit [ 1, true ]
